{"time":"2024-11-17T11:25:49.641593035+05:00","level":"ERROR","msg":"dial tcp: lookup postgres on 127.0.0.53:53: server misbehaving"}
{"time":"2024-11-17T11:26:07.137892504+05:00","level":"ERROR","msg":"dial tcp: lookup postgres on 127.0.0.53:53: server misbehaving"}
{"time":"2024-11-17T11:26:12.117224895+05:00","level":"ERROR","msg":"dial tcp: lookup postgres on 127.0.0.53:53: server misbehaving"}
{"time":"2024-11-17T11:26:29.502949396+05:00","level":"ERROR","msg":"dial tcp: lookup postgres on 127.0.0.53:53: server misbehaving"}
{"time":"2024-11-17T11:26:41.478139565+05:00","level":"ERROR","msg":"dial tcp: lookup postgres on 127.0.0.53:53: server misbehaving"}
{"time":"2024-11-17T12:47:28.792707088+05:00","level":"ERROR","msg":"User oldin ro'yxatdan o'tgan"}
{"time":"2024-11-17T12:48:01.097545522+05:00","level":"ERROR","msg":"Register qilishda xatolik bor: pq: duplicate key value violates unique constraint \"users_username_key\""}
{"time":"2024-11-17T12:48:01.097584464+05:00","level":"ERROR","msg":"Register crudda xatolik bor: pq: duplicate key value violates unique constraint \"users_username_key\""}
{"time":"2024-11-17T12:48:01.097591988+05:00","level":"ERROR","msg":"Userni bor yoki yo'qligini tekshirishda xatolik: pq: duplicate key value violates unique constraint \"users_username_key\""}
{"time":"2024-11-17T12:48:34.719980127+05:00","level":"ERROR","msg":"User oldin ro'yxatdan o'tgan"}
{"time":"2024-11-17T12:48:55.539783531+05:00","level":"ERROR","msg":"Register qilishda xatolik bor: pq: duplicate key value violates unique constraint \"users_username_key\""}
{"time":"2024-11-17T12:48:55.540266143+05:00","level":"ERROR","msg":"Register crudda xatolik bor: pq: duplicate key value violates unique constraint \"users_username_key\""}
{"time":"2024-11-17T12:48:55.54027124+05:00","level":"ERROR","msg":"Userni bor yoki yo'qligini tekshirishda xatolik: pq: duplicate key value violates unique constraint \"users_username_key\""}
{"time":"2024-11-17T12:50:47.010788656+05:00","level":"ERROR","msg":"User oldin ro'yxatdan o'tgan"}
{"time":"2024-11-17T12:52:52.510134498+05:00","level":"ERROR","msg":"Userni email bo'yicha olishda xatolik: sql: no rows in result set"}
{"time":"2024-11-17T12:52:52.510270241+05:00","level":"ERROR","msg":"Userni email orqali olish crudida xatolik bor: sql: no rows in result set"}
{"time":"2024-11-17T12:52:52.510278234+05:00","level":"ERROR","msg":"Userni username va password boyicha login qilishda xatolik: sql: no rows in result set"}
{"time":"2024-11-17T12:58:03.063465+05:00","level":"ERROR","msg":"UserID not found in context"}
{"time":"2024-11-17T13:00:42.445285+05:00","level":"ERROR","msg":"UserID not found in context"}
{"time":"2024-11-17T13:00:43.907106+05:00","level":"ERROR","msg":"UserID not found in context"}
{"time":"2024-11-17T13:01:03.225495526+05:00","level":"ERROR","msg":"Ma'lumotlarni databazaga saqlashda xatolik: pq: invalid input syntax for type uuid: \"\""}
{"time":"2024-11-17T13:01:03.225815556+05:00","level":"ERROR","msg":"Tender ma'lumotlari databazaga saqlanmadi: pq: invalid input syntax for type uuid: \"\""}
{"time":"2024-11-17T13:01:03.225827735+05:00","level":"ERROR","msg":"CreateTender request error: pq: invalid input syntax for type uuid: \"\""}
{"time":"2024-11-17T13:01:32.672382374+05:00","level":"ERROR","msg":"Ma'lumotlarni databazaga saqlashda xatolik: pq: invalid input syntax for type uuid: \"\""}
{"time":"2024-11-17T13:01:32.672415351+05:00","level":"ERROR","msg":"Tender ma'lumotlari databazaga saqlanmadi: pq: invalid input syntax for type uuid: \"\""}
{"time":"2024-11-17T13:01:32.672421424+05:00","level":"ERROR","msg":"CreateTender request error: pq: invalid input syntax for type uuid: \"\""}
{"time":"2024-11-17T13:20:30.706558+05:00","level":"INFO","msg":"WebSocket connection established for user: 870b9cdc-3e01-43b4-beb4-331d2b3293a4"}
{"time":"2024-11-17T13:25:36.821986+05:00","level":"INFO","msg":"WebSocket connection established for user: 870b9cdc-3e01-43b4-beb4-331d2b3293a4"}
{"time":"2024-11-17T13:25:36.822799+05:00","level":"INFO","msg":"working notification"}
{"time":"2024-11-17T13:26:09.069278+05:00","level":"INFO","msg":"WebSocket connection established for user: 870b9cdc-3e01-43b4-beb4-331d2b3293a4"}
{"time":"2024-11-17T13:26:09.069557+05:00","level":"INFO","msg":"working notification"}
{"time":"2024-11-17T13:27:02.715565+05:00","level":"INFO","msg":"WebSocket connection established for user: 870b9cdc-3e01-43b4-beb4-331d2b3293a4"}
{"time":"2024-11-17T13:27:02.715859+05:00","level":"INFO","msg":"working notification"}
{"time":"2024-11-17T13:30:22.718045+05:00","level":"INFO","msg":"WebSocket connection established for user: 870b9cdc-3e01-43b4-beb4-331d2b3293a4"}
{"time":"2024-11-17T13:30:22.718374+05:00","level":"INFO","msg":"working notification"}
{"time":"2024-11-17T13:30:22.72218+05:00","level":"ERROR","msg":"Error getting notification count: pq: syntax error at or near \"WHERE\""}
{"time":"2024-11-17T13:30:22.722233+05:00","level":"ERROR","msg":"Barcha notificationlarni olishda xatolik bor: pq: syntax error at or near \"WHERE\""}
{"time":"2024-11-17T13:30:22.722246+05:00","level":"ERROR","msg":"Error fetching unread notifications: pq: syntax error at or near \"WHERE\""}
{"time":"2024-11-17T13:30:25.425202+05:00","level":"INFO","msg":"WebSocket connection established for user: 870b9cdc-3e01-43b4-beb4-331d2b3293a4"}
{"time":"2024-11-17T13:30:25.425659+05:00","level":"INFO","msg":"working notification"}
{"time":"2024-11-17T13:30:25.426113+05:00","level":"ERROR","msg":"Error getting notification count: pq: syntax error at or near \"WHERE\""}
{"time":"2024-11-17T13:30:25.426186+05:00","level":"ERROR","msg":"Barcha notificationlarni olishda xatolik bor: pq: syntax error at or near \"WHERE\""}
{"time":"2024-11-17T13:30:25.426215+05:00","level":"ERROR","msg":"Error fetching unread notifications: pq: syntax error at or near \"WHERE\""}
{"time":"2024-11-17T13:30:53.184958+05:00","level":"INFO","msg":"WebSocket connection established for user: 870b9cdc-3e01-43b4-beb4-331d2b3293a4"}
{"time":"2024-11-17T13:30:53.185451+05:00","level":"INFO","msg":"working notification"}
{"time":"2024-11-17T13:30:53.187354+05:00","level":"ERROR","msg":"Error getting notification count: pq: syntax error at or near \"WHERE\""}
{"time":"2024-11-17T13:30:53.187404+05:00","level":"ERROR","msg":"Barcha notificationlarni olishda xatolik bor: pq: syntax error at or near \"WHERE\""}
{"time":"2024-11-17T13:30:53.187452+05:00","level":"ERROR","msg":"Error fetching unread notifications: pq: syntax error at or near \"WHERE\""}
{"time":"2024-11-17T13:31:01.958609+05:00","level":"INFO","msg":"WebSocket connection established for user: 870b9cdc-3e01-43b4-beb4-331d2b3293a4"}
{"time":"2024-11-17T13:31:01.958784+05:00","level":"INFO","msg":"working notification"}
{"time":"2024-11-17T13:31:01.959984+05:00","level":"ERROR","msg":"Error getting notification count: pq: syntax error at or near \"WHERE\""}
{"time":"2024-11-17T13:31:01.96002+05:00","level":"ERROR","msg":"Barcha notificationlarni olishda xatolik bor: pq: syntax error at or near \"WHERE\""}
{"time":"2024-11-17T13:31:01.960048+05:00","level":"ERROR","msg":"Error fetching unread notifications: pq: syntax error at or near \"WHERE\""}
{"time":"2024-11-17T13:32:17.467513+05:00","level":"INFO","msg":"WebSocket connection established for user: 870b9cdc-3e01-43b4-beb4-331d2b3293a4"}
{"time":"2024-11-17T13:32:17.467962+05:00","level":"INFO","msg":"working notification"}
{"time":"2024-11-17T13:32:17.470116+05:00","level":"ERROR","msg":"Error fetching notification count: pq: syntax error at or near \"WHERE\""}
{"time":"2024-11-17T13:32:17.470167+05:00","level":"ERROR","msg":"Barcha notificationlarni olishda xatolik bor: pq: syntax error at or near \"WHERE\""}
{"time":"2024-11-17T13:32:17.470191+05:00","level":"ERROR","msg":"Error fetching unread notifications: pq: syntax error at or near \"WHERE\""}
{"time":"2024-11-17T13:39:34.198296+05:00","level":"ERROR","msg":"Failed to extract: token is invalid or expired"}
{"time":"2024-11-17T13:39:58.066486+05:00","level":"INFO","msg":"WebSocket connection established for user: 870b9cdc-3e01-43b4-beb4-331d2b3293a4"}
{"time":"2024-11-17T13:39:58.067148+05:00","level":"INFO","msg":"working notification"}
{"time":"2024-11-17T13:39:58.070609+05:00","level":"ERROR","msg":"Error scanning row: sql: expected 7 destination arguments in Scan, not 6"}
{"time":"2024-11-17T13:39:58.070677+05:00","level":"ERROR","msg":"Barcha notificationlarni olishda xatolik bor: sql: expected 7 destination arguments in Scan, not 6"}
{"time":"2024-11-17T13:39:58.070699+05:00","level":"ERROR","msg":"Error fetching unread notifications: sql: expected 7 destination arguments in Scan, not 6"}
{"time":"2024-11-17T13:43:14.932881+05:00","level":"INFO","msg":"WebSocket connection established for user: 870b9cdc-3e01-43b4-beb4-331d2b3293a4"}
{"time":"2024-11-17T13:43:14.933839+05:00","level":"INFO","msg":"working notification"}
{"time":"2024-11-17T13:56:49.029467+05:00","level":"INFO","msg":"WebSocket connection established for user: 870b9cdc-3e01-43b4-beb4-331d2b3293a4"}
{"time":"2024-11-17T13:56:54.031135+05:00","level":"INFO","msg":"working notification"}
{"time":"2024-11-17T13:56:59.030816+05:00","level":"INFO","msg":"working notification"}
{"time":"2024-11-17T13:57:04.03082+05:00","level":"INFO","msg":"working notification"}
{"time":"2024-11-17T13:57:09.030859+05:00","level":"INFO","msg":"working notification"}
{"time":"2024-11-17T13:57:14.030593+05:00","level":"INFO","msg":"working notification"}
{"time":"2024-11-17T13:57:19.030548+05:00","level":"INFO","msg":"working notification"}
{"time":"2024-11-17T13:57:24.030486+05:00","level":"INFO","msg":"working notification"}
{"time":"2024-11-17T13:57:29.030383+05:00","level":"INFO","msg":"working notification"}
{"time":"2024-11-17T13:57:34.030386+05:00","level":"INFO","msg":"working notification"}
{"time":"2024-11-17T13:57:39.030274+05:00","level":"INFO","msg":"working notification"}
{"time":"2024-11-17T13:57:44.030196+05:00","level":"INFO","msg":"working notification"}
{"time":"2024-11-17T13:57:49.030195+05:00","level":"INFO","msg":"working notification"}
{"time":"2024-11-17T13:57:54.029995+05:00","level":"INFO","msg":"working notification"}
{"time":"2024-11-17T13:57:59.02988+05:00","level":"INFO","msg":"working notification"}
{"time":"2024-11-17T13:58:04.029787+05:00","level":"INFO","msg":"working notification"}
{"time":"2024-11-17T13:58:09.029836+05:00","level":"INFO","msg":"working notification"}
